width 7, height 8
line 0 is: #######
line 1 is: #.S...#
line 2 is: #..##.#
line 3 is: #...#.#
line 4 is: ###.@.#
line 5 is: #G....#
line 6 is: #@..@.#
line 7 is: #######
init data:
   -1   -1   -1   -1   -1   -1   -1
   -1    0    0    0    0    0   -1
   -1    0    0   -1   -1    0   -1
   -1    0    0    0   -1    0   -1
   -1   -1   -1    0    0    0   -1
   -1    0    0    0    0    0   -1
   -1    0    0    0    0    0   -1
   -1   -1   -1   -1   -1   -1   -1
check points: (1st S, 2nd G)
(1, 2) (5, 1) (4, 4) (6, 1) (6, 4) 
after wave propagation from (1, 2)
init data:
   -1   -1   -1   -1   -1   -1   -1
   -1    0    0    0    0    0   -1
   -1    0    0   -1   -1    0   -1
   -1    0    0    0   -1    0   -1
   -1   -1   -1    0    0    0   -1
   -1    0    0    0    0    0   -1
   -1    0    0    0    0    0   -1
   -1   -1   -1   -1   -1   -1   -1
check points: (1st S, 2nd G)
(1, 2) (5, 1) (4, 4) (6, 1) (6, 4) 
after wave propagation from (5, 1)
init data:
   -1   -1   -1   -1   -1   -1   -1
   -1    0    0    0    0    0   -1
   -1    0    0   -1   -1    0   -1
   -1    0    0    0   -1    0   -1
   -1   -1   -1    0    0    0   -1
   -1    0    0    0    0    0   -1
   -1    0    0    0    0    0   -1
   -1   -1   -1   -1   -1   -1   -1
check points: (1st S, 2nd G)
(1, 2) (5, 1) (4, 4) (6, 1) (6, 4) 
after wave propagation from (4, 4)
init data:
   -1   -1   -1   -1   -1   -1   -1
   -1    0    0    0    0    0   -1
   -1    0    0   -1   -1    0   -1
   -1    0    0    0   -1    0   -1
   -1   -1   -1    0    0    0   -1
   -1    0    0    0    0    0   -1
   -1    0    0    0    0    0   -1
   -1   -1   -1   -1   -1   -1   -1
check points: (1st S, 2nd G)
(1, 2) (5, 1) (4, 4) (6, 1) (6, 4) 
after wave propagation from (6, 1)
init data:
   -1   -1   -1   -1   -1   -1   -1
   -1    0    0    0    0    0   -1
   -1    0    0   -1   -1    0   -1
   -1    0    0    0   -1    0   -1
   -1   -1   -1    0    0    0   -1
   -1    0    0    0    0    0   -1
   -1    0    0    0    0    0   -1
   -1   -1   -1   -1   -1   -1   -1
check points: (1st S, 2nd G)
(1, 2) (5, 1) (4, 4) (6, 1) (6, 4) 
after wave propagation from (6, 4)
init data:
   -1   -1   -1   -1   -1   -1   -1
   -1    0    0    0    0    0   -1
   -1    0    0   -1   -1    0   -1
   -1    0    0    0   -1    0   -1
   -1   -1   -1    0    0    0   -1
   -1    0    0    0    0    0   -1
   -1    0    0    0    0    0   -1
   -1   -1   -1   -1   -1   -1   -1
check points: (1st S, 2nd G)
(1, 2) (5, 1) (4, 4) (6, 1) (6, 4) 
